Building DAG of jobs...
Using shell: /bin/bash
Provided cores: 1 (use --cores to define parallelism)
Rules claiming more threads will be scaled down.
Job stats:
job        count    min threads    max threads
-------  -------  -------------  -------------
bwa_map        1              1              1
total          1              1              1

Select jobs to execute...

[Thu Sep 23 23:52:41 2021]
rule bwa_map:
    input: data/genome.fa, data/samples/A.fastq
    output: mapped_reads/A.bam
    jobid: 0
    resources: tmpdir=/var/folders/pj/v0z2h7512pq3n12pjwnq1nxh0000gn/T

[Thu Sep 23 23:52:42 2021]
Finished job 0.
1 of 1 steps (100%) done
Complete log: /Users/andrewpowers/bioinformatics/snakemake/snakemake-tutorial/.snakemake/log/2021-09-23T235240.752116.snakemake.log
